[2023-03-20 13:41:27,006] INFO [Controller id=0 epoch=1] Sending UpdateMetadata request to brokers Set(0) for 0 partitions (state.change.logger)
[2023-03-20 14:10:45,987] INFO [Controller id=0 epoch=1] Changed partition topic-example-0 state from NonExistentPartition to NewPartition with assigned replicas 0 (state.change.logger)
[2023-03-20 14:10:46,006] INFO [Controller id=0 epoch=1] Changed partition topic_demo-0 state from NonExistentPartition to NewPartition with assigned replicas 0 (state.change.logger)
[2023-03-20 14:10:46,006] INFO [Controller id=0 epoch=1] Changed partition demotopic-0 state from NonExistentPartition to NewPartition with assigned replicas 0 (state.change.logger)
[2023-03-20 14:10:46,007] INFO [Controller id=0 epoch=1] Sending UpdateMetadata request to brokers Set() for 0 partitions (state.change.logger)
[2023-03-20 14:10:46,015] INFO [Controller id=0 epoch=1] Sending UpdateMetadata request to brokers Set() for 0 partitions (state.change.logger)
[2023-03-20 14:10:46,080] INFO [Controller id=0 epoch=1] Changed partition topic-example-0 from NewPartition to OnlinePartition with state LeaderAndIsr(leader=0, leaderEpoch=0, isr=List(0), leaderRecoveryState=RECOVERED, partitionEpoch=0) (state.change.logger)
[2023-03-20 14:10:46,080] INFO [Controller id=0 epoch=1] Changed partition topic_demo-0 from NewPartition to OnlinePartition with state LeaderAndIsr(leader=0, leaderEpoch=0, isr=List(0), leaderRecoveryState=RECOVERED, partitionEpoch=0) (state.change.logger)
[2023-03-20 14:10:46,080] INFO [Controller id=0 epoch=1] Changed partition demotopic-0 from NewPartition to OnlinePartition with state LeaderAndIsr(leader=0, leaderEpoch=0, isr=List(0), leaderRecoveryState=RECOVERED, partitionEpoch=0) (state.change.logger)
[2023-03-20 14:10:46,082] INFO [Controller id=0 epoch=1] Sending LeaderAndIsr request to broker 0 with 3 become-leader and 0 become-follower partitions (state.change.logger)
[2023-03-20 14:10:46,087] INFO [Controller id=0 epoch=1] Sending UpdateMetadata request to brokers Set(0) for 3 partitions (state.change.logger)
[2023-03-20 14:10:46,088] INFO [Controller id=0 epoch=1] Sending UpdateMetadata request to brokers Set() for 0 partitions (state.change.logger)
[2023-03-20 14:10:46,111] INFO [Broker id=0] Handling LeaderAndIsr request correlationId 1 from controller 0 for 3 partitions (state.change.logger)
[2023-03-20 14:10:46,151] INFO [Broker id=0] Stopped fetchers as part of LeaderAndIsr request correlationId 1 from controller 0 epoch 1 as part of the become-leader transition for 3 partitions (state.change.logger)
[2023-03-20 14:10:46,310] INFO [Broker id=0] Leader demotopic-0 with topic id Some(3tPAZ3nYQKSQQinxeMB-hw) starts at leader epoch 0 from offset 0 with partition epoch 0, high watermark 0, ISR [0], adding replicas [] and removing replicas []. Previous leader epoch was -1. (state.change.logger)
[2023-03-20 14:10:46,363] INFO [Broker id=0] Leader topic_demo-0 with topic id Some(TwZxn0MbSHe8Pn3Bd5mJxg) starts at leader epoch 0 from offset 0 with partition epoch 0, high watermark 0, ISR [0], adding replicas [] and removing replicas []. Previous leader epoch was -1. (state.change.logger)
[2023-03-20 14:10:46,382] INFO [Broker id=0] Leader topic-example-0 with topic id Some(M_I4JD6hSUu4WQWkfbZ-Zg) starts at leader epoch 0 from offset 0 with partition epoch 0, high watermark 0, ISR [0], adding replicas [] and removing replicas []. Previous leader epoch was -1. (state.change.logger)
[2023-03-20 14:10:46,411] INFO [Broker id=0] Finished LeaderAndIsr request in 305ms correlationId 1 from controller 0 for 3 partitions (state.change.logger)
[2023-03-20 14:10:46,426] INFO [Broker id=0] Add 3 partitions and deleted 0 partitions from metadata cache in response to UpdateMetadata request sent by controller 0 epoch 1 with correlation id 2 (state.change.logger)
[2023-03-20 14:21:16,915] INFO [Controller id=0 epoch=1] Changed partition __consumer_offsets-22 state from NonExistentPartition to NewPartition with assigned replicas 0 (state.change.logger)
[2023-03-20 14:21:16,915] INFO [Controller id=0 epoch=1] Changed partition __consumer_offsets-30 state from NonExistentPartition to NewPartition with assigned replicas 0 (state.change.logger)
[2023-03-20 14:21:16,915] INFO [Controller id=0 epoch=1] Changed partition __consumer_offsets-8 state from NonExistentPartition to NewPartition with assigned replicas 0 (state.change.logger)
[2023-03-20 14:21:16,916] INFO [Controller id=0 epoch=1] Changed partition __consumer_offsets-21 state from NonExistentPartition to NewPartition with assigned replicas 0 (state.change.logger)
[2023-03-20 14:21:16,916] INFO [Controller id=0 epoch=1] Changed partition __consumer_offsets-4 state from NonExistentPartition to NewPartition with assigned replicas 0 (state.change.logger)
[2023-03-20 14:21:16,916] INFO [Controller id=0 epoch=1] Changed partition __consumer_offsets-27 state from NonExistentPartition to NewPartition with assigned replicas 0 (state.change.logger)
[2023-03-20 14:21:16,916] INFO [Controller id=0 epoch=1] Changed partition __consumer_offsets-7 state from NonExistentPartition to NewPartition with assigned replicas 0 (state.change.logger)
[2023-03-20 14:21:16,916] INFO [Controller id=0 epoch=1] Changed partition __consumer_offsets-9 state from NonExistentPartition to NewPartition with assigned replicas 0 (state.change.logger)
[2023-03-20 14:21:16,916] INFO [Controller id=0 epoch=1] Changed partition __consumer_offsets-46 state from NonExistentPartition to NewPartition with assigned replicas 0 (state.change.logger)
[2023-03-20 14:21:16,916] INFO [Controller id=0 epoch=1] Changed partition __consumer_offsets-25 state from NonExistentPartition to NewPartition with assigned replicas 0 (state.change.logger)
[2023-03-20 14:21:16,916] INFO [Controller id=0 epoch=1] Changed partition __consumer_offsets-35 state from NonExistentPartition to NewPartition with assigned replicas 0 (state.change.logger)
[2023-03-20 14:21:16,916] INFO [Controller id=0 epoch=1] Changed partition __consumer_offsets-41 state from NonExistentPartition to NewPartition with assigned replicas 0 (state.change.logger)
[2023-03-20 14:21:16,916] INFO [Controller id=0 epoch=1] Changed partition __consumer_offsets-33 state from NonExistentPartition to NewPartition with assigned replicas 0 (state.change.logger)
[2023-03-20 14:21:16,916] INFO [Controller id=0 epoch=1] Changed partition __consumer_offsets-23 state from NonExistentPartition to NewPartition with assigned replicas 0 (state.change.logger)
[2023-03-20 14:21:16,916] INFO [Controller id=0 epoch=1] Changed partition __consumer_offsets-49 state from NonExistentPartition to NewPartition with assigned replicas 0 (state.change.logger)
[2023-03-20 14:21:16,916] INFO [Controller id=0 epoch=1] Changed partition __consumer_offsets-47 state from NonExistentPartition to NewPartition with assigned replicas 0 (state.change.logger)
[2023-03-20 14:21:16,916] INFO [Controller id=0 epoch=1] Changed partition __consumer_offsets-16 state from NonExistentPartition to NewPartition with assigned replicas 0 (state.change.logger)
[2023-03-20 14:21:16,916] INFO [Controller id=0 epoch=1] Changed partition __consumer_offsets-28 state from NonExistentPartition to NewPartition with assigned replicas 0 (state.change.logger)
[2023-03-20 14:21:16,916] INFO [Controller id=0 epoch=1] Changed partition __consumer_offsets-31 state from NonExistentPartition to NewPartition with assigned replicas 0 (state.change.logger)
[2023-03-20 14:21:16,917] INFO [Controller id=0 epoch=1] Changed partition __consumer_offsets-36 state from NonExistentPartition to NewPartition with assigned replicas 0 (state.change.logger)
[2023-03-20 14:21:16,917] INFO [Controller id=0 epoch=1] Changed partition __consumer_offsets-42 state from NonExistentPartition to NewPartition with assigned replicas 0 (state.change.logger)
[2023-03-20 14:21:16,917] INFO [Controller id=0 epoch=1] Changed partition __consumer_offsets-3 state from NonExistentPartition to NewPartition with assigned replicas 0 (state.change.logger)
[2023-03-20 14:21:16,917] INFO [Controller id=0 epoch=1] Changed partition __consumer_offsets-18 state from NonExistentPartition to NewPartition with assigned replicas 0 (state.change.logger)
[2023-03-20 14:21:16,917] INFO [Controller id=0 epoch=1] Changed partition __consumer_offsets-37 state from NonExistentPartition to NewPartition with assigned replicas 0 (state.change.logger)
[2023-03-20 14:21:16,917] INFO [Controller id=0 epoch=1] Changed partition __consumer_offsets-15 state from NonExistentPartition to NewPartition with assigned replicas 0 (state.change.logger)
[2023-03-20 14:21:16,917] INFO [Controller id=0 epoch=1] Changed partition __consumer_offsets-24 state from NonExistentPartition to NewPartition with assigned replicas 0 (state.change.logger)
[2023-03-20 14:21:16,917] INFO [Controller id=0 epoch=1] Changed partition __consumer_offsets-38 state from NonExistentPartition to NewPartition with assigned replicas 0 (state.change.logger)
[2023-03-20 14:21:16,917] INFO [Controller id=0 epoch=1] Changed partition __consumer_offsets-17 state from NonExistentPartition to NewPartition with assigned replicas 0 (state.change.logger)
[2023-03-20 14:21:16,917] INFO [Controller id=0 epoch=1] Changed partition __consumer_offsets-48 state from NonExistentPartition to NewPartition with assigned replicas 0 (state.change.logger)
[2023-03-20 14:21:16,917] INFO [Controller id=0 epoch=1] Changed partition __consumer_offsets-19 state from NonExistentPartition to NewPartition with assigned replicas 0 (state.change.logger)
[2023-03-20 14:21:16,917] INFO [Controller id=0 epoch=1] Changed partition __consumer_offsets-11 state from NonExistentPartition to NewPartition with assigned replicas 0 (state.change.logger)
[2023-03-20 14:21:16,917] INFO [Controller id=0 epoch=1] Changed partition __consumer_offsets-13 state from NonExistentPartition to NewPartition with assigned replicas 0 (state.change.logger)
[2023-03-20 14:21:16,918] INFO [Controller id=0 epoch=1] Changed partition __consumer_offsets-2 state from NonExistentPartition to NewPartition with assigned replicas 0 (state.change.logger)
[2023-03-20 14:21:16,918] INFO [Controller id=0 epoch=1] Changed partition __consumer_offsets-43 state from NonExistentPartition to NewPartition with assigned replicas 0 (state.change.logger)
[2023-03-20 14:21:16,918] INFO [Controller id=0 epoch=1] Changed partition __consumer_offsets-6 state from NonExistentPartition to NewPartition with assigned replicas 0 (state.change.logger)
[2023-03-20 14:21:16,918] INFO [Controller id=0 epoch=1] Changed partition __consumer_offsets-14 state from NonExistentPartition to NewPartition with assigned replicas 0 (state.change.logger)
[2023-03-20 14:21:16,918] INFO [Controller id=0 epoch=1] Changed partition __consumer_offsets-20 state from NonExistentPartition to NewPartition with assigned replicas 0 (state.change.logger)
[2023-03-20 14:21:16,918] INFO [Controller id=0 epoch=1] Changed partition __consumer_offsets-0 state from NonExistentPartition to NewPartition with assigned replicas 0 (state.change.logger)
[2023-03-20 14:21:16,918] INFO [Controller id=0 epoch=1] Changed partition __consumer_offsets-44 state from NonExistentPartition to NewPartition with assigned replicas 0 (state.change.logger)
[2023-03-20 14:21:16,918] INFO [Controller id=0 epoch=1] Changed partition __consumer_offsets-39 state from NonExistentPartition to NewPartition with assigned replicas 0 (state.change.logger)
[2023-03-20 14:21:16,918] INFO [Controller id=0 epoch=1] Changed partition __consumer_offsets-12 state from NonExistentPartition to NewPartition with assigned replicas 0 (state.change.logger)
[2023-03-20 14:21:16,918] INFO [Controller id=0 epoch=1] Changed partition __consumer_offsets-45 state from NonExistentPartition to NewPartition with assigned replicas 0 (state.change.logger)
[2023-03-20 14:21:16,918] INFO [Controller id=0 epoch=1] Changed partition __consumer_offsets-1 state from NonExistentPartition to NewPartition with assigned replicas 0 (state.change.logger)
[2023-03-20 14:21:16,918] INFO [Controller id=0 epoch=1] Changed partition __consumer_offsets-5 state from NonExistentPartition to NewPartition with assigned replicas 0 (state.change.logger)
[2023-03-20 14:21:16,918] INFO [Controller id=0 epoch=1] Changed partition __consumer_offsets-26 state from NonExistentPartition to NewPartition with assigned replicas 0 (state.change.logger)
[2023-03-20 14:21:16,918] INFO [Controller id=0 epoch=1] Changed partition __consumer_offsets-29 state from NonExistentPartition to NewPartition with assigned replicas 0 (state.change.logger)
[2023-03-20 14:21:16,918] INFO [Controller id=0 epoch=1] Changed partition __consumer_offsets-34 state from NonExistentPartition to NewPartition with assigned replicas 0 (state.change.logger)
[2023-03-20 14:21:16,918] INFO [Controller id=0 epoch=1] Changed partition __consumer_offsets-10 state from NonExistentPartition to NewPartition with assigned replicas 0 (state.change.logger)
[2023-03-20 14:21:16,918] INFO [Controller id=0 epoch=1] Changed partition __consumer_offsets-32 state from NonExistentPartition to NewPartition with assigned replicas 0 (state.change.logger)
[2023-03-20 14:21:16,918] INFO [Controller id=0 epoch=1] Changed partition __consumer_offsets-40 state from NonExistentPartition to NewPartition with assigned replicas 0 (state.change.logger)
[2023-03-20 14:21:16,918] INFO [Controller id=0 epoch=1] Sending UpdateMetadata request to brokers Set() for 0 partitions (state.change.logger)
[2023-03-20 14:21:16,920] INFO [Controller id=0 epoch=1] Sending UpdateMetadata request to brokers Set() for 0 partitions (state.change.logger)
[2023-03-20 14:21:17,044] INFO [Controller id=0 epoch=1] Changed partition __consumer_offsets-22 from NewPartition to OnlinePartition with state LeaderAndIsr(leader=0, leaderEpoch=0, isr=List(0), leaderRecoveryState=RECOVERED, partitionEpoch=0) (state.change.logger)
[2023-03-20 14:21:17,044] INFO [Controller id=0 epoch=1] Changed partition __consumer_offsets-30 from NewPartition to OnlinePartition with state LeaderAndIsr(leader=0, leaderEpoch=0, isr=List(0), leaderRecoveryState=RECOVERED, partitionEpoch=0) (state.change.logger)
[2023-03-20 14:21:17,044] INFO [Controller id=0 epoch=1] Changed partition __consumer_offsets-8 from NewPartition to OnlinePartition with state LeaderAndIsr(leader=0, leaderEpoch=0, isr=List(0), leaderRecoveryState=RECOVERED, partitionEpoch=0) (state.change.logger)
[2023-03-20 14:21:17,044] INFO [Controller id=0 epoch=1] Changed partition __consumer_offsets-21 from NewPartition to OnlinePartition with state LeaderAndIsr(leader=0, leaderEpoch=0, isr=List(0), leaderRecoveryState=RECOVERED, partitionEpoch=0) (state.change.logger)
[2023-03-20 14:21:17,044] INFO [Controller id=0 epoch=1] Changed partition __consumer_offsets-4 from NewPartition to OnlinePartition with state LeaderAndIsr(leader=0, leaderEpoch=0, isr=List(0), leaderRecoveryState=RECOVERED, partitionEpoch=0) (state.change.logger)
[2023-03-20 14:21:17,044] INFO [Controller id=0 epoch=1] Changed partition __consumer_offsets-27 from NewPartition to OnlinePartition with state LeaderAndIsr(leader=0, leaderEpoch=0, isr=List(0), leaderRecoveryState=RECOVERED, partitionEpoch=0) (state.change.logger)
[2023-03-20 14:21:17,044] INFO [Controller id=0 epoch=1] Changed partition __consumer_offsets-7 from NewPartition to OnlinePartition with state LeaderAndIsr(leader=0, leaderEpoch=0, isr=List(0), leaderRecoveryState=RECOVERED, partitionEpoch=0) (state.change.logger)
[2023-03-20 14:21:17,044] INFO [Controller id=0 epoch=1] Changed partition __consumer_offsets-9 from NewPartition to OnlinePartition with state LeaderAndIsr(leader=0, leaderEpoch=0, isr=List(0), leaderRecoveryState=RECOVERED, partitionEpoch=0) (state.change.logger)
[2023-03-20 14:21:17,044] INFO [Controller id=0 epoch=1] Changed partition __consumer_offsets-46 from NewPartition to OnlinePartition with state LeaderAndIsr(leader=0, leaderEpoch=0, isr=List(0), leaderRecoveryState=RECOVERED, partitionEpoch=0) (state.change.logger)
[2023-03-20 14:21:17,045] INFO [Controller id=0 epoch=1] Changed partition __consumer_offsets-25 from NewPartition to OnlinePartition with state LeaderAndIsr(leader=0, leaderEpoch=0, isr=List(0), leaderRecoveryState=RECOVERED, partitionEpoch=0) (state.change.logger)
[2023-03-20 14:21:17,045] INFO [Controller id=0 epoch=1] Changed partition __consumer_offsets-35 from NewPartition to OnlinePartition with state LeaderAndIsr(leader=0, leaderEpoch=0, isr=List(0), leaderRecoveryState=RECOVERED, partitionEpoch=0) (state.change.logger)
[2023-03-20 14:21:17,045] INFO [Controller id=0 epoch=1] Changed partition __consumer_offsets-41 from NewPartition to OnlinePartition with state LeaderAndIsr(leader=0, leaderEpoch=0, isr=List(0), leaderRecoveryState=RECOVERED, partitionEpoch=0) (state.change.logger)
[2023-03-20 14:21:17,045] INFO [Controller id=0 epoch=1] Changed partition __consumer_offsets-33 from NewPartition to OnlinePartition with state LeaderAndIsr(leader=0, leaderEpoch=0, isr=List(0), leaderRecoveryState=RECOVERED, partitionEpoch=0) (state.change.logger)
[2023-03-20 14:21:17,046] INFO [Controller id=0 epoch=1] Changed partition __consumer_offsets-23 from NewPartition to OnlinePartition with state LeaderAndIsr(leader=0, leaderEpoch=0, isr=List(0), leaderRecoveryState=RECOVERED, partitionEpoch=0) (state.change.logger)
[2023-03-20 14:21:17,046] INFO [Controller id=0 epoch=1] Changed partition __consumer_offsets-49 from NewPartition to OnlinePartition with state LeaderAndIsr(leader=0, leaderEpoch=0, isr=List(0), leaderRecoveryState=RECOVERED, partitionEpoch=0) (state.change.logger)
[2023-03-20 14:21:17,046] INFO [Controller id=0 epoch=1] Changed partition __consumer_offsets-47 from NewPartition to OnlinePartition with state LeaderAndIsr(leader=0, leaderEpoch=0, isr=List(0), leaderRecoveryState=RECOVERED, partitionEpoch=0) (state.change.logger)
[2023-03-20 14:21:17,046] INFO [Controller id=0 epoch=1] Changed partition __consumer_offsets-16 from NewPartition to OnlinePartition with state LeaderAndIsr(leader=0, leaderEpoch=0, isr=List(0), leaderRecoveryState=RECOVERED, partitionEpoch=0) (state.change.logger)
[2023-03-20 14:21:17,046] INFO [Controller id=0 epoch=1] Changed partition __consumer_offsets-28 from NewPartition to OnlinePartition with state LeaderAndIsr(leader=0, leaderEpoch=0, isr=List(0), leaderRecoveryState=RECOVERED, partitionEpoch=0) (state.change.logger)
[2023-03-20 14:21:17,046] INFO [Controller id=0 epoch=1] Changed partition __consumer_offsets-31 from NewPartition to OnlinePartition with state LeaderAndIsr(leader=0, leaderEpoch=0, isr=List(0), leaderRecoveryState=RECOVERED, partitionEpoch=0) (state.change.logger)
[2023-03-20 14:21:17,047] INFO [Controller id=0 epoch=1] Changed partition __consumer_offsets-36 from NewPartition to OnlinePartition with state LeaderAndIsr(leader=0, leaderEpoch=0, isr=List(0), leaderRecoveryState=RECOVERED, partitionEpoch=0) (state.change.logger)
[2023-03-20 14:21:17,047] INFO [Controller id=0 epoch=1] Changed partition __consumer_offsets-42 from NewPartition to OnlinePartition with state LeaderAndIsr(leader=0, leaderEpoch=0, isr=List(0), leaderRecoveryState=RECOVERED, partitionEpoch=0) (state.change.logger)
[2023-03-20 14:21:17,047] INFO [Controller id=0 epoch=1] Changed partition __consumer_offsets-3 from NewPartition to OnlinePartition with state LeaderAndIsr(leader=0, leaderEpoch=0, isr=List(0), leaderRecoveryState=RECOVERED, partitionEpoch=0) (state.change.logger)
[2023-03-20 14:21:17,047] INFO [Controller id=0 epoch=1] Changed partition __consumer_offsets-18 from NewPartition to OnlinePartition with state LeaderAndIsr(leader=0, leaderEpoch=0, isr=List(0), leaderRecoveryState=RECOVERED, partitionEpoch=0) (state.change.logger)
[2023-03-20 14:21:17,047] INFO [Controller id=0 epoch=1] Changed partition __consumer_offsets-37 from NewPartition to OnlinePartition with state LeaderAndIsr(leader=0, leaderEpoch=0, isr=List(0), leaderRecoveryState=RECOVERED, partitionEpoch=0) (state.change.logger)
[2023-03-20 14:21:17,047] INFO [Controller id=0 epoch=1] Changed partition __consumer_offsets-15 from NewPartition to OnlinePartition with state LeaderAndIsr(leader=0, leaderEpoch=0, isr=List(0), leaderRecoveryState=RECOVERED, partitionEpoch=0) (state.change.logger)
[2023-03-20 14:21:17,047] INFO [Controller id=0 epoch=1] Changed partition __consumer_offsets-24 from NewPartition to OnlinePartition with state LeaderAndIsr(leader=0, leaderEpoch=0, isr=List(0), leaderRecoveryState=RECOVERED, partitionEpoch=0) (state.change.logger)
[2023-03-20 14:21:17,047] INFO [Controller id=0 epoch=1] Changed partition __consumer_offsets-38 from NewPartition to OnlinePartition with state LeaderAndIsr(leader=0, leaderEpoch=0, isr=List(0), leaderRecoveryState=RECOVERED, partitionEpoch=0) (state.change.logger)
[2023-03-20 14:21:17,047] INFO [Controller id=0 epoch=1] Changed partition __consumer_offsets-17 from NewPartition to OnlinePartition with state LeaderAndIsr(leader=0, leaderEpoch=0, isr=List(0), leaderRecoveryState=RECOVERED, partitionEpoch=0) (state.change.logger)
[2023-03-20 14:21:17,048] INFO [Controller id=0 epoch=1] Changed partition __consumer_offsets-48 from NewPartition to OnlinePartition with state LeaderAndIsr(leader=0, leaderEpoch=0, isr=List(0), leaderRecoveryState=RECOVERED, partitionEpoch=0) (state.change.logger)
[2023-03-20 14:21:17,048] INFO [Controller id=0 epoch=1] Changed partition __consumer_offsets-19 from NewPartition to OnlinePartition with state LeaderAndIsr(leader=0, leaderEpoch=0, isr=List(0), leaderRecoveryState=RECOVERED, partitionEpoch=0) (state.change.logger)
[2023-03-20 14:21:17,048] INFO [Controller id=0 epoch=1] Changed partition __consumer_offsets-11 from NewPartition to OnlinePartition with state LeaderAndIsr(leader=0, leaderEpoch=0, isr=List(0), leaderRecoveryState=RECOVERED, partitionEpoch=0) (state.change.logger)
[2023-03-20 14:21:17,048] INFO [Controller id=0 epoch=1] Changed partition __consumer_offsets-13 from NewPartition to OnlinePartition with state LeaderAndIsr(leader=0, leaderEpoch=0, isr=List(0), leaderRecoveryState=RECOVERED, partitionEpoch=0) (state.change.logger)
[2023-03-20 14:21:17,049] INFO [Controller id=0 epoch=1] Changed partition __consumer_offsets-2 from NewPartition to OnlinePartition with state LeaderAndIsr(leader=0, leaderEpoch=0, isr=List(0), leaderRecoveryState=RECOVERED, partitionEpoch=0) (state.change.logger)
[2023-03-20 14:21:17,049] INFO [Controller id=0 epoch=1] Changed partition __consumer_offsets-43 from NewPartition to OnlinePartition with state LeaderAndIsr(leader=0, leaderEpoch=0, isr=List(0), leaderRecoveryState=RECOVERED, partitionEpoch=0) (state.change.logger)
[2023-03-20 14:21:17,049] INFO [Controller id=0 epoch=1] Changed partition __consumer_offsets-6 from NewPartition to OnlinePartition with state LeaderAndIsr(leader=0, leaderEpoch=0, isr=List(0), leaderRecoveryState=RECOVERED, partitionEpoch=0) (state.change.logger)
[2023-03-20 14:21:17,049] INFO [Controller id=0 epoch=1] Changed partition __consumer_offsets-14 from NewPartition to OnlinePartition with state LeaderAndIsr(leader=0, leaderEpoch=0, isr=List(0), leaderRecoveryState=RECOVERED, partitionEpoch=0) (state.change.logger)
[2023-03-20 14:21:17,049] INFO [Controller id=0 epoch=1] Changed partition __consumer_offsets-20 from NewPartition to OnlinePartition with state LeaderAndIsr(leader=0, leaderEpoch=0, isr=List(0), leaderRecoveryState=RECOVERED, partitionEpoch=0) (state.change.logger)
[2023-03-20 14:21:17,049] INFO [Controller id=0 epoch=1] Changed partition __consumer_offsets-0 from NewPartition to OnlinePartition with state LeaderAndIsr(leader=0, leaderEpoch=0, isr=List(0), leaderRecoveryState=RECOVERED, partitionEpoch=0) (state.change.logger)
[2023-03-20 14:21:17,049] INFO [Controller id=0 epoch=1] Changed partition __consumer_offsets-44 from NewPartition to OnlinePartition with state LeaderAndIsr(leader=0, leaderEpoch=0, isr=List(0), leaderRecoveryState=RECOVERED, partitionEpoch=0) (state.change.logger)
[2023-03-20 14:21:17,049] INFO [Controller id=0 epoch=1] Changed partition __consumer_offsets-39 from NewPartition to OnlinePartition with state LeaderAndIsr(leader=0, leaderEpoch=0, isr=List(0), leaderRecoveryState=RECOVERED, partitionEpoch=0) (state.change.logger)
[2023-03-20 14:21:17,049] INFO [Controller id=0 epoch=1] Changed partition __consumer_offsets-12 from NewPartition to OnlinePartition with state LeaderAndIsr(leader=0, leaderEpoch=0, isr=List(0), leaderRecoveryState=RECOVERED, partitionEpoch=0) (state.change.logger)
[2023-03-20 14:21:17,049] INFO [Controller id=0 epoch=1] Changed partition __consumer_offsets-45 from NewPartition to OnlinePartition with state LeaderAndIsr(leader=0, leaderEpoch=0, isr=List(0), leaderRecoveryState=RECOVERED, partitionEpoch=0) (state.change.logger)
[2023-03-20 14:21:17,049] INFO [Controller id=0 epoch=1] Changed partition __consumer_offsets-1 from NewPartition to OnlinePartition with state LeaderAndIsr(leader=0, leaderEpoch=0, isr=List(0), leaderRecoveryState=RECOVERED, partitionEpoch=0) (state.change.logger)
[2023-03-20 14:21:17,049] INFO [Controller id=0 epoch=1] Changed partition __consumer_offsets-5 from NewPartition to OnlinePartition with state LeaderAndIsr(leader=0, leaderEpoch=0, isr=List(0), leaderRecoveryState=RECOVERED, partitionEpoch=0) (state.change.logger)
[2023-03-20 14:21:17,049] INFO [Controller id=0 epoch=1] Changed partition __consumer_offsets-26 from NewPartition to OnlinePartition with state LeaderAndIsr(leader=0, leaderEpoch=0, isr=List(0), leaderRecoveryState=RECOVERED, partitionEpoch=0) (state.change.logger)
[2023-03-20 14:21:17,049] INFO [Controller id=0 epoch=1] Changed partition __consumer_offsets-29 from NewPartition to OnlinePartition with state LeaderAndIsr(leader=0, leaderEpoch=0, isr=List(0), leaderRecoveryState=RECOVERED, partitionEpoch=0) (state.change.logger)
[2023-03-20 14:21:17,049] INFO [Controller id=0 epoch=1] Changed partition __consumer_offsets-34 from NewPartition to OnlinePartition with state LeaderAndIsr(leader=0, leaderEpoch=0, isr=List(0), leaderRecoveryState=RECOVERED, partitionEpoch=0) (state.change.logger)
[2023-03-20 14:21:17,049] INFO [Controller id=0 epoch=1] Changed partition __consumer_offsets-10 from NewPartition to OnlinePartition with state LeaderAndIsr(leader=0, leaderEpoch=0, isr=List(0), leaderRecoveryState=RECOVERED, partitionEpoch=0) (state.change.logger)
[2023-03-20 14:21:17,050] INFO [Controller id=0 epoch=1] Changed partition __consumer_offsets-32 from NewPartition to OnlinePartition with state LeaderAndIsr(leader=0, leaderEpoch=0, isr=List(0), leaderRecoveryState=RECOVERED, partitionEpoch=0) (state.change.logger)
[2023-03-20 14:21:17,050] INFO [Controller id=0 epoch=1] Changed partition __consumer_offsets-40 from NewPartition to OnlinePartition with state LeaderAndIsr(leader=0, leaderEpoch=0, isr=List(0), leaderRecoveryState=RECOVERED, partitionEpoch=0) (state.change.logger)
[2023-03-20 14:21:17,050] INFO [Controller id=0 epoch=1] Sending LeaderAndIsr request to broker 0 with 50 become-leader and 0 become-follower partitions (state.change.logger)
[2023-03-20 14:21:17,050] INFO [Controller id=0 epoch=1] Sending UpdateMetadata request to brokers Set(0) for 50 partitions (state.change.logger)
[2023-03-20 14:21:17,052] INFO [Controller id=0 epoch=1] Sending UpdateMetadata request to brokers Set() for 0 partitions (state.change.logger)
[2023-03-20 14:21:17,055] INFO [Broker id=0] Handling LeaderAndIsr request correlationId 3 from controller 0 for 50 partitions (state.change.logger)
[2023-03-20 14:21:17,125] INFO [Broker id=0] Stopped fetchers as part of LeaderAndIsr request correlationId 3 from controller 0 epoch 1 as part of the become-leader transition for 50 partitions (state.change.logger)
[2023-03-20 14:21:17,158] INFO [Broker id=0] Leader __consumer_offsets-0 with topic id Some(iyll7ybiT8W5DVZgatA9eg) starts at leader epoch 0 from offset 0 with partition epoch 0, high watermark 0, ISR [0], adding replicas [] and removing replicas []. Previous leader epoch was -1. (state.change.logger)
[2023-03-20 14:21:17,185] INFO [Broker id=0] Leader __consumer_offsets-29 with topic id Some(iyll7ybiT8W5DVZgatA9eg) starts at leader epoch 0 from offset 0 with partition epoch 0, high watermark 0, ISR [0], adding replicas [] and removing replicas []. Previous leader epoch was -1. (state.change.logger)
[2023-03-20 14:21:17,211] INFO [Broker id=0] Leader __consumer_offsets-48 with topic id Some(iyll7ybiT8W5DVZgatA9eg) starts at leader epoch 0 from offset 0 with partition epoch 0, high watermark 0, ISR [0], adding replicas [] and removing replicas []. Previous leader epoch was -1. (state.change.logger)
[2023-03-20 14:21:17,239] INFO [Broker id=0] Leader __consumer_offsets-10 with topic id Some(iyll7ybiT8W5DVZgatA9eg) starts at leader epoch 0 from offset 0 with partition epoch 0, high watermark 0, ISR [0], adding replicas [] and removing replicas []. Previous leader epoch was -1. (state.change.logger)
[2023-03-20 14:21:17,264] INFO [Broker id=0] Leader __consumer_offsets-45 with topic id Some(iyll7ybiT8W5DVZgatA9eg) starts at leader epoch 0 from offset 0 with partition epoch 0, high watermark 0, ISR [0], adding replicas [] and removing replicas []. Previous leader epoch was -1. (state.change.logger)
[2023-03-20 14:21:17,291] INFO [Broker id=0] Leader __consumer_offsets-26 with topic id Some(iyll7ybiT8W5DVZgatA9eg) starts at leader epoch 0 from offset 0 with partition epoch 0, high watermark 0, ISR [0], adding replicas [] and removing replicas []. Previous leader epoch was -1. (state.change.logger)
[2023-03-20 14:21:17,324] INFO [Broker id=0] Leader __consumer_offsets-7 with topic id Some(iyll7ybiT8W5DVZgatA9eg) starts at leader epoch 0 from offset 0 with partition epoch 0, high watermark 0, ISR [0], adding replicas [] and removing replicas []. Previous leader epoch was -1. (state.change.logger)
[2023-03-20 14:21:17,352] INFO [Broker id=0] Leader __consumer_offsets-42 with topic id Some(iyll7ybiT8W5DVZgatA9eg) starts at leader epoch 0 from offset 0 with partition epoch 0, high watermark 0, ISR [0], adding replicas [] and removing replicas []. Previous leader epoch was -1. (state.change.logger)
[2023-03-20 14:21:17,386] INFO [Broker id=0] Leader __consumer_offsets-4 with topic id Some(iyll7ybiT8W5DVZgatA9eg) starts at leader epoch 0 from offset 0 with partition epoch 0, high watermark 0, ISR [0], adding replicas [] and removing replicas []. Previous leader epoch was -1. (state.change.logger)
[2023-03-20 14:21:17,412] INFO [Broker id=0] Leader __consumer_offsets-23 with topic id Some(iyll7ybiT8W5DVZgatA9eg) starts at leader epoch 0 from offset 0 with partition epoch 0, high watermark 0, ISR [0], adding replicas [] and removing replicas []. Previous leader epoch was -1. (state.change.logger)
[2023-03-20 14:21:17,435] INFO [Broker id=0] Leader __consumer_offsets-1 with topic id Some(iyll7ybiT8W5DVZgatA9eg) starts at leader epoch 0 from offset 0 with partition epoch 0, high watermark 0, ISR [0], adding replicas [] and removing replicas []. Previous leader epoch was -1. (state.change.logger)
[2023-03-20 14:21:17,465] INFO [Broker id=0] Leader __consumer_offsets-20 with topic id Some(iyll7ybiT8W5DVZgatA9eg) starts at leader epoch 0 from offset 0 with partition epoch 0, high watermark 0, ISR [0], adding replicas [] and removing replicas []. Previous leader epoch was -1. (state.change.logger)
[2023-03-20 14:21:17,496] INFO [Broker id=0] Leader __consumer_offsets-39 with topic id Some(iyll7ybiT8W5DVZgatA9eg) starts at leader epoch 0 from offset 0 with partition epoch 0, high watermark 0, ISR [0], adding replicas [] and removing replicas []. Previous leader epoch was -1. (state.change.logger)
[2023-03-20 14:21:17,515] INFO [Broker id=0] Leader __consumer_offsets-17 with topic id Some(iyll7ybiT8W5DVZgatA9eg) starts at leader epoch 0 from offset 0 with partition epoch 0, high watermark 0, ISR [0], adding replicas [] and removing replicas []. Previous leader epoch was -1. (state.change.logger)
[2023-03-20 14:21:17,539] INFO [Broker id=0] Leader __consumer_offsets-36 with topic id Some(iyll7ybiT8W5DVZgatA9eg) starts at leader epoch 0 from offset 0 with partition epoch 0, high watermark 0, ISR [0], adding replicas [] and removing replicas []. Previous leader epoch was -1. (state.change.logger)
[2023-03-20 14:21:17,564] INFO [Broker id=0] Leader __consumer_offsets-14 with topic id Some(iyll7ybiT8W5DVZgatA9eg) starts at leader epoch 0 from offset 0 with partition epoch 0, high watermark 0, ISR [0], adding replicas [] and removing replicas []. Previous leader epoch was -1. (state.change.logger)
[2023-03-20 14:21:17,589] INFO [Broker id=0] Leader __consumer_offsets-33 with topic id Some(iyll7ybiT8W5DVZgatA9eg) starts at leader epoch 0 from offset 0 with partition epoch 0, high watermark 0, ISR [0], adding replicas [] and removing replicas []. Previous leader epoch was -1. (state.change.logger)
[2023-03-20 14:21:17,617] INFO [Broker id=0] Leader __consumer_offsets-49 with topic id Some(iyll7ybiT8W5DVZgatA9eg) starts at leader epoch 0 from offset 0 with partition epoch 0, high watermark 0, ISR [0], adding replicas [] and removing replicas []. Previous leader epoch was -1. (state.change.logger)
[2023-03-20 14:21:17,639] INFO [Broker id=0] Leader __consumer_offsets-11 with topic id Some(iyll7ybiT8W5DVZgatA9eg) starts at leader epoch 0 from offset 0 with partition epoch 0, high watermark 0, ISR [0], adding replicas [] and removing replicas []. Previous leader epoch was -1. (state.change.logger)
[2023-03-20 14:21:17,669] INFO [Broker id=0] Leader __consumer_offsets-30 with topic id Some(iyll7ybiT8W5DVZgatA9eg) starts at leader epoch 0 from offset 0 with partition epoch 0, high watermark 0, ISR [0], adding replicas [] and removing replicas []. Previous leader epoch was -1. (state.change.logger)
[2023-03-20 14:21:17,693] INFO [Broker id=0] Leader __consumer_offsets-46 with topic id Some(iyll7ybiT8W5DVZgatA9eg) starts at leader epoch 0 from offset 0 with partition epoch 0, high watermark 0, ISR [0], adding replicas [] and removing replicas []. Previous leader epoch was -1. (state.change.logger)
[2023-03-20 14:21:17,721] INFO [Broker id=0] Leader __consumer_offsets-27 with topic id Some(iyll7ybiT8W5DVZgatA9eg) starts at leader epoch 0 from offset 0 with partition epoch 0, high watermark 0, ISR [0], adding replicas [] and removing replicas []. Previous leader epoch was -1. (state.change.logger)
[2023-03-20 14:21:17,753] INFO [Broker id=0] Leader __consumer_offsets-8 with topic id Some(iyll7ybiT8W5DVZgatA9eg) starts at leader epoch 0 from offset 0 with partition epoch 0, high watermark 0, ISR [0], adding replicas [] and removing replicas []. Previous leader epoch was -1. (state.change.logger)
[2023-03-20 14:21:17,777] INFO [Broker id=0] Leader __consumer_offsets-24 with topic id Some(iyll7ybiT8W5DVZgatA9eg) starts at leader epoch 0 from offset 0 with partition epoch 0, high watermark 0, ISR [0], adding replicas [] and removing replicas []. Previous leader epoch was -1. (state.change.logger)
[2023-03-20 14:21:17,802] INFO [Broker id=0] Leader __consumer_offsets-43 with topic id Some(iyll7ybiT8W5DVZgatA9eg) starts at leader epoch 0 from offset 0 with partition epoch 0, high watermark 0, ISR [0], adding replicas [] and removing replicas []. Previous leader epoch was -1. (state.change.logger)
[2023-03-20 14:21:17,825] INFO [Broker id=0] Leader __consumer_offsets-5 with topic id Some(iyll7ybiT8W5DVZgatA9eg) starts at leader epoch 0 from offset 0 with partition epoch 0, high watermark 0, ISR [0], adding replicas [] and removing replicas []. Previous leader epoch was -1. (state.change.logger)
[2023-03-20 14:21:17,852] INFO [Broker id=0] Leader __consumer_offsets-21 with topic id Some(iyll7ybiT8W5DVZgatA9eg) starts at leader epoch 0 from offset 0 with partition epoch 0, high watermark 0, ISR [0], adding replicas [] and removing replicas []. Previous leader epoch was -1. (state.change.logger)
[2023-03-20 14:21:17,881] INFO [Broker id=0] Leader __consumer_offsets-40 with topic id Some(iyll7ybiT8W5DVZgatA9eg) starts at leader epoch 0 from offset 0 with partition epoch 0, high watermark 0, ISR [0], adding replicas [] and removing replicas []. Previous leader epoch was -1. (state.change.logger)
[2023-03-20 14:21:17,904] INFO [Broker id=0] Leader __consumer_offsets-2 with topic id Some(iyll7ybiT8W5DVZgatA9eg) starts at leader epoch 0 from offset 0 with partition epoch 0, high watermark 0, ISR [0], adding replicas [] and removing replicas []. Previous leader epoch was -1. (state.change.logger)
[2023-03-20 14:21:17,931] INFO [Broker id=0] Leader __consumer_offsets-37 with topic id Some(iyll7ybiT8W5DVZgatA9eg) starts at leader epoch 0 from offset 0 with partition epoch 0, high watermark 0, ISR [0], adding replicas [] and removing replicas []. Previous leader epoch was -1. (state.change.logger)
[2023-03-20 14:21:17,953] INFO [Broker id=0] Leader __consumer_offsets-18 with topic id Some(iyll7ybiT8W5DVZgatA9eg) starts at leader epoch 0 from offset 0 with partition epoch 0, high watermark 0, ISR [0], adding replicas [] and removing replicas []. Previous leader epoch was -1. (state.change.logger)
[2023-03-20 14:21:17,974] INFO [Broker id=0] Leader __consumer_offsets-34 with topic id Some(iyll7ybiT8W5DVZgatA9eg) starts at leader epoch 0 from offset 0 with partition epoch 0, high watermark 0, ISR [0], adding replicas [] and removing replicas []. Previous leader epoch was -1. (state.change.logger)
[2023-03-20 14:21:17,998] INFO [Broker id=0] Leader __consumer_offsets-15 with topic id Some(iyll7ybiT8W5DVZgatA9eg) starts at leader epoch 0 from offset 0 with partition epoch 0, high watermark 0, ISR [0], adding replicas [] and removing replicas []. Previous leader epoch was -1. (state.change.logger)
[2023-03-20 14:21:18,022] INFO [Broker id=0] Leader __consumer_offsets-12 with topic id Some(iyll7ybiT8W5DVZgatA9eg) starts at leader epoch 0 from offset 0 with partition epoch 0, high watermark 0, ISR [0], adding replicas [] and removing replicas []. Previous leader epoch was -1. (state.change.logger)
[2023-03-20 14:21:18,049] INFO [Broker id=0] Leader __consumer_offsets-31 with topic id Some(iyll7ybiT8W5DVZgatA9eg) starts at leader epoch 0 from offset 0 with partition epoch 0, high watermark 0, ISR [0], adding replicas [] and removing replicas []. Previous leader epoch was -1. (state.change.logger)
[2023-03-20 14:21:18,091] INFO [Broker id=0] Leader __consumer_offsets-9 with topic id Some(iyll7ybiT8W5DVZgatA9eg) starts at leader epoch 0 from offset 0 with partition epoch 0, high watermark 0, ISR [0], adding replicas [] and removing replicas []. Previous leader epoch was -1. (state.change.logger)
[2023-03-20 14:21:18,120] INFO [Broker id=0] Leader __consumer_offsets-47 with topic id Some(iyll7ybiT8W5DVZgatA9eg) starts at leader epoch 0 from offset 0 with partition epoch 0, high watermark 0, ISR [0], adding replicas [] and removing replicas []. Previous leader epoch was -1. (state.change.logger)
[2023-03-20 14:21:18,163] INFO [Broker id=0] Leader __consumer_offsets-19 with topic id Some(iyll7ybiT8W5DVZgatA9eg) starts at leader epoch 0 from offset 0 with partition epoch 0, high watermark 0, ISR [0], adding replicas [] and removing replicas []. Previous leader epoch was -1. (state.change.logger)
[2023-03-20 14:21:18,189] INFO [Broker id=0] Leader __consumer_offsets-28 with topic id Some(iyll7ybiT8W5DVZgatA9eg) starts at leader epoch 0 from offset 0 with partition epoch 0, high watermark 0, ISR [0], adding replicas [] and removing replicas []. Previous leader epoch was -1. (state.change.logger)
[2023-03-20 14:21:18,216] INFO [Broker id=0] Leader __consumer_offsets-38 with topic id Some(iyll7ybiT8W5DVZgatA9eg) starts at leader epoch 0 from offset 0 with partition epoch 0, high watermark 0, ISR [0], adding replicas [] and removing replicas []. Previous leader epoch was -1. (state.change.logger)
[2023-03-20 14:21:18,260] INFO [Broker id=0] Leader __consumer_offsets-35 with topic id Some(iyll7ybiT8W5DVZgatA9eg) starts at leader epoch 0 from offset 0 with partition epoch 0, high watermark 0, ISR [0], adding replicas [] and removing replicas []. Previous leader epoch was -1. (state.change.logger)
[2023-03-20 14:21:18,291] INFO [Broker id=0] Leader __consumer_offsets-6 with topic id Some(iyll7ybiT8W5DVZgatA9eg) starts at leader epoch 0 from offset 0 with partition epoch 0, high watermark 0, ISR [0], adding replicas [] and removing replicas []. Previous leader epoch was -1. (state.change.logger)
[2023-03-20 14:21:18,319] INFO [Broker id=0] Leader __consumer_offsets-44 with topic id Some(iyll7ybiT8W5DVZgatA9eg) starts at leader epoch 0 from offset 0 with partition epoch 0, high watermark 0, ISR [0], adding replicas [] and removing replicas []. Previous leader epoch was -1. (state.change.logger)
[2023-03-20 14:21:18,343] INFO [Broker id=0] Leader __consumer_offsets-25 with topic id Some(iyll7ybiT8W5DVZgatA9eg) starts at leader epoch 0 from offset 0 with partition epoch 0, high watermark 0, ISR [0], adding replicas [] and removing replicas []. Previous leader epoch was -1. (state.change.logger)
[2023-03-20 14:21:18,367] INFO [Broker id=0] Leader __consumer_offsets-16 with topic id Some(iyll7ybiT8W5DVZgatA9eg) starts at leader epoch 0 from offset 0 with partition epoch 0, high watermark 0, ISR [0], adding replicas [] and removing replicas []. Previous leader epoch was -1. (state.change.logger)
[2023-03-20 14:21:18,390] INFO [Broker id=0] Leader __consumer_offsets-22 with topic id Some(iyll7ybiT8W5DVZgatA9eg) starts at leader epoch 0 from offset 0 with partition epoch 0, high watermark 0, ISR [0], adding replicas [] and removing replicas []. Previous leader epoch was -1. (state.change.logger)
[2023-03-20 14:21:18,417] INFO [Broker id=0] Leader __consumer_offsets-41 with topic id Some(iyll7ybiT8W5DVZgatA9eg) starts at leader epoch 0 from offset 0 with partition epoch 0, high watermark 0, ISR [0], adding replicas [] and removing replicas []. Previous leader epoch was -1. (state.change.logger)
[2023-03-20 14:21:18,439] INFO [Broker id=0] Leader __consumer_offsets-32 with topic id Some(iyll7ybiT8W5DVZgatA9eg) starts at leader epoch 0 from offset 0 with partition epoch 0, high watermark 0, ISR [0], adding replicas [] and removing replicas []. Previous leader epoch was -1. (state.change.logger)
[2023-03-20 14:21:18,463] INFO [Broker id=0] Leader __consumer_offsets-3 with topic id Some(iyll7ybiT8W5DVZgatA9eg) starts at leader epoch 0 from offset 0 with partition epoch 0, high watermark 0, ISR [0], adding replicas [] and removing replicas []. Previous leader epoch was -1. (state.change.logger)
[2023-03-20 14:21:18,491] INFO [Broker id=0] Leader __consumer_offsets-13 with topic id Some(iyll7ybiT8W5DVZgatA9eg) starts at leader epoch 0 from offset 0 with partition epoch 0, high watermark 0, ISR [0], adding replicas [] and removing replicas []. Previous leader epoch was -1. (state.change.logger)
[2023-03-20 14:21:18,545] INFO [Broker id=0] Finished LeaderAndIsr request in 1490ms correlationId 3 from controller 0 for 50 partitions (state.change.logger)
[2023-03-20 14:21:18,547] INFO [Broker id=0] Add 50 partitions and deleted 0 partitions from metadata cache in response to UpdateMetadata request sent by controller 0 epoch 1 with correlation id 4 (state.change.logger)
[2023-03-27 11:39:31,767] INFO [Controller id=0 epoch=2] Sending UpdateMetadata request to brokers Set(0) for 0 partitions (state.change.logger)
[2023-03-27 11:39:31,849] INFO [Controller id=0 epoch=2] Sending LeaderAndIsr request to broker 0 with 53 become-leader and 0 become-follower partitions (state.change.logger)
[2023-03-27 11:39:31,856] INFO [Controller id=0 epoch=2] Sending UpdateMetadata request to brokers Set(0) for 53 partitions (state.change.logger)
[2023-03-27 11:39:31,975] INFO [Broker id=0] Handling LeaderAndIsr request correlationId 1 from controller 0 for 53 partitions (state.change.logger)
[2023-03-27 11:39:32,028] INFO [Broker id=0] Stopped fetchers as part of LeaderAndIsr request correlationId 1 from controller 0 epoch 2 as part of the become-leader transition for 53 partitions (state.change.logger)
[2023-03-27 11:39:32,050] INFO [Broker id=0] Leader __consumer_offsets-0 with topic id Some(iyll7ybiT8W5DVZgatA9eg) starts at leader epoch 0 from offset 0 with partition epoch 0, high watermark 0, ISR [0], adding replicas [] and removing replicas []. Previous leader epoch was -1. (state.change.logger)
[2023-03-27 11:39:32,066] INFO [Broker id=0] Leader __consumer_offsets-29 with topic id Some(iyll7ybiT8W5DVZgatA9eg) starts at leader epoch 0 from offset 0 with partition epoch 0, high watermark 0, ISR [0], adding replicas [] and removing replicas []. Previous leader epoch was -1. (state.change.logger)
[2023-03-27 11:39:32,073] INFO [Broker id=0] Leader __consumer_offsets-48 with topic id Some(iyll7ybiT8W5DVZgatA9eg) starts at leader epoch 0 from offset 0 with partition epoch 0, high watermark 0, ISR [0], adding replicas [] and removing replicas []. Previous leader epoch was -1. (state.change.logger)
[2023-03-27 11:39:32,085] INFO [Broker id=0] Leader __consumer_offsets-10 with topic id Some(iyll7ybiT8W5DVZgatA9eg) starts at leader epoch 0 from offset 0 with partition epoch 0, high watermark 0, ISR [0], adding replicas [] and removing replicas []. Previous leader epoch was -1. (state.change.logger)
[2023-03-27 11:39:32,095] INFO [Broker id=0] Leader __consumer_offsets-45 with topic id Some(iyll7ybiT8W5DVZgatA9eg) starts at leader epoch 0 from offset 0 with partition epoch 0, high watermark 0, ISR [0], adding replicas [] and removing replicas []. Previous leader epoch was -1. (state.change.logger)
[2023-03-27 11:39:32,103] INFO [Broker id=0] Leader __consumer_offsets-26 with topic id Some(iyll7ybiT8W5DVZgatA9eg) starts at leader epoch 0 from offset 0 with partition epoch 0, high watermark 0, ISR [0], adding replicas [] and removing replicas []. Previous leader epoch was -1. (state.change.logger)
[2023-03-27 11:39:32,113] INFO [Broker id=0] Leader __consumer_offsets-7 with topic id Some(iyll7ybiT8W5DVZgatA9eg) starts at leader epoch 0 from offset 0 with partition epoch 0, high watermark 0, ISR [0], adding replicas [] and removing replicas []. Previous leader epoch was -1. (state.change.logger)
[2023-03-27 11:39:32,121] INFO [Broker id=0] Leader __consumer_offsets-42 with topic id Some(iyll7ybiT8W5DVZgatA9eg) starts at leader epoch 0 from offset 0 with partition epoch 0, high watermark 0, ISR [0], adding replicas [] and removing replicas []. Previous leader epoch was -1. (state.change.logger)
[2023-03-27 11:39:32,130] INFO [Broker id=0] Leader __consumer_offsets-4 with topic id Some(iyll7ybiT8W5DVZgatA9eg) starts at leader epoch 0 from offset 0 with partition epoch 0, high watermark 0, ISR [0], adding replicas [] and removing replicas []. Previous leader epoch was -1. (state.change.logger)
[2023-03-27 11:39:32,141] INFO [Broker id=0] Leader __consumer_offsets-23 with topic id Some(iyll7ybiT8W5DVZgatA9eg) starts at leader epoch 0 from offset 0 with partition epoch 0, high watermark 0, ISR [0], adding replicas [] and removing replicas []. Previous leader epoch was -1. (state.change.logger)
[2023-03-27 11:39:32,150] INFO [Broker id=0] Leader __consumer_offsets-1 with topic id Some(iyll7ybiT8W5DVZgatA9eg) starts at leader epoch 0 from offset 0 with partition epoch 0, high watermark 0, ISR [0], adding replicas [] and removing replicas []. Previous leader epoch was -1. (state.change.logger)
[2023-03-27 11:39:32,159] INFO [Broker id=0] Leader __consumer_offsets-20 with topic id Some(iyll7ybiT8W5DVZgatA9eg) starts at leader epoch 0 from offset 0 with partition epoch 0, high watermark 0, ISR [0], adding replicas [] and removing replicas []. Previous leader epoch was -1. (state.change.logger)
[2023-03-27 11:39:32,169] INFO [Broker id=0] Leader __consumer_offsets-39 with topic id Some(iyll7ybiT8W5DVZgatA9eg) starts at leader epoch 0 from offset 1 with partition epoch 0, high watermark 1, ISR [0], adding replicas [] and removing replicas []. Previous leader epoch was -1. (state.change.logger)
[2023-03-27 11:39:32,169] INFO [Broker id=0] Leader demotopic-0 with topic id Some(3tPAZ3nYQKSQQinxeMB-hw) starts at leader epoch 0 from offset 0 with partition epoch 0, high watermark 0, ISR [0], adding replicas [] and removing replicas []. Previous leader epoch was -1. (state.change.logger)
[2023-03-27 11:39:32,180] INFO [Broker id=0] Leader __consumer_offsets-17 with topic id Some(iyll7ybiT8W5DVZgatA9eg) starts at leader epoch 0 from offset 0 with partition epoch 0, high watermark 0, ISR [0], adding replicas [] and removing replicas []. Previous leader epoch was -1. (state.change.logger)
[2023-03-27 11:39:32,187] INFO [Broker id=0] Leader __consumer_offsets-36 with topic id Some(iyll7ybiT8W5DVZgatA9eg) starts at leader epoch 0 from offset 0 with partition epoch 0, high watermark 0, ISR [0], adding replicas [] and removing replicas []. Previous leader epoch was -1. (state.change.logger)
[2023-03-27 11:39:32,198] INFO [Broker id=0] Leader __consumer_offsets-14 with topic id Some(iyll7ybiT8W5DVZgatA9eg) starts at leader epoch 0 from offset 0 with partition epoch 0, high watermark 0, ISR [0], adding replicas [] and removing replicas []. Previous leader epoch was -1. (state.change.logger)
[2023-03-27 11:39:32,208] INFO [Broker id=0] Leader __consumer_offsets-33 with topic id Some(iyll7ybiT8W5DVZgatA9eg) starts at leader epoch 0 from offset 0 with partition epoch 0, high watermark 0, ISR [0], adding replicas [] and removing replicas []. Previous leader epoch was -1. (state.change.logger)
[2023-03-27 11:39:32,217] INFO [Broker id=0] Leader __consumer_offsets-49 with topic id Some(iyll7ybiT8W5DVZgatA9eg) starts at leader epoch 0 from offset 0 with partition epoch 0, high watermark 0, ISR [0], adding replicas [] and removing replicas []. Previous leader epoch was -1. (state.change.logger)
[2023-03-27 11:39:32,228] INFO [Broker id=0] Leader __consumer_offsets-11 with topic id Some(iyll7ybiT8W5DVZgatA9eg) starts at leader epoch 0 from offset 0 with partition epoch 0, high watermark 0, ISR [0], adding replicas [] and removing replicas []. Previous leader epoch was -1. (state.change.logger)
[2023-03-27 11:39:32,238] INFO [Broker id=0] Leader __consumer_offsets-30 with topic id Some(iyll7ybiT8W5DVZgatA9eg) starts at leader epoch 0 from offset 0 with partition epoch 0, high watermark 0, ISR [0], adding replicas [] and removing replicas []. Previous leader epoch was -1. (state.change.logger)
[2023-03-27 11:39:32,246] INFO [Broker id=0] Leader __consumer_offsets-46 with topic id Some(iyll7ybiT8W5DVZgatA9eg) starts at leader epoch 0 from offset 0 with partition epoch 0, high watermark 0, ISR [0], adding replicas [] and removing replicas []. Previous leader epoch was -1. (state.change.logger)
[2023-03-27 11:39:32,258] INFO [Broker id=0] Leader __consumer_offsets-27 with topic id Some(iyll7ybiT8W5DVZgatA9eg) starts at leader epoch 0 from offset 0 with partition epoch 0, high watermark 0, ISR [0], adding replicas [] and removing replicas []. Previous leader epoch was -1. (state.change.logger)
[2023-03-27 11:39:32,267] INFO [Broker id=0] Leader __consumer_offsets-8 with topic id Some(iyll7ybiT8W5DVZgatA9eg) starts at leader epoch 0 from offset 0 with partition epoch 0, high watermark 0, ISR [0], adding replicas [] and removing replicas []. Previous leader epoch was -1. (state.change.logger)
[2023-03-27 11:39:32,276] INFO [Broker id=0] Leader __consumer_offsets-24 with topic id Some(iyll7ybiT8W5DVZgatA9eg) starts at leader epoch 0 from offset 0 with partition epoch 0, high watermark 0, ISR [0], adding replicas [] and removing replicas []. Previous leader epoch was -1. (state.change.logger)
[2023-03-27 11:39:32,286] INFO [Broker id=0] Leader __consumer_offsets-43 with topic id Some(iyll7ybiT8W5DVZgatA9eg) starts at leader epoch 0 from offset 0 with partition epoch 0, high watermark 0, ISR [0], adding replicas [] and removing replicas []. Previous leader epoch was -1. (state.change.logger)
[2023-03-27 11:39:32,294] INFO [Broker id=0] Leader __consumer_offsets-5 with topic id Some(iyll7ybiT8W5DVZgatA9eg) starts at leader epoch 0 from offset 0 with partition epoch 0, high watermark 0, ISR [0], adding replicas [] and removing replicas []. Previous leader epoch was -1. (state.change.logger)
[2023-03-27 11:39:32,301] INFO [Broker id=0] Leader __consumer_offsets-21 with topic id Some(iyll7ybiT8W5DVZgatA9eg) starts at leader epoch 0 from offset 0 with partition epoch 0, high watermark 0, ISR [0], adding replicas [] and removing replicas []. Previous leader epoch was -1. (state.change.logger)
[2023-03-27 11:39:32,314] INFO [Broker id=0] Leader __consumer_offsets-40 with topic id Some(iyll7ybiT8W5DVZgatA9eg) starts at leader epoch 0 from offset 0 with partition epoch 0, high watermark 0, ISR [0], adding replicas [] and removing replicas []. Previous leader epoch was -1. (state.change.logger)
[2023-03-27 11:39:32,324] INFO [Broker id=0] Leader __consumer_offsets-2 with topic id Some(iyll7ybiT8W5DVZgatA9eg) starts at leader epoch 0 from offset 0 with partition epoch 0, high watermark 0, ISR [0], adding replicas [] and removing replicas []. Previous leader epoch was -1. (state.change.logger)
[2023-03-27 11:39:32,332] INFO [Broker id=0] Leader __consumer_offsets-37 with topic id Some(iyll7ybiT8W5DVZgatA9eg) starts at leader epoch 0 from offset 0 with partition epoch 0, high watermark 0, ISR [0], adding replicas [] and removing replicas []. Previous leader epoch was -1. (state.change.logger)
[2023-03-27 11:39:32,341] INFO [Broker id=0] Leader __consumer_offsets-18 with topic id Some(iyll7ybiT8W5DVZgatA9eg) starts at leader epoch 0 from offset 0 with partition epoch 0, high watermark 0, ISR [0], adding replicas [] and removing replicas []. Previous leader epoch was -1. (state.change.logger)
[2023-03-27 11:39:32,350] INFO [Broker id=0] Leader __consumer_offsets-34 with topic id Some(iyll7ybiT8W5DVZgatA9eg) starts at leader epoch 0 from offset 0 with partition epoch 0, high watermark 0, ISR [0], adding replicas [] and removing replicas []. Previous leader epoch was -1. (state.change.logger)
[2023-03-27 11:39:32,358] INFO [Broker id=0] Leader __consumer_offsets-15 with topic id Some(iyll7ybiT8W5DVZgatA9eg) starts at leader epoch 0 from offset 0 with partition epoch 0, high watermark 0, ISR [0], adding replicas [] and removing replicas []. Previous leader epoch was -1. (state.change.logger)
[2023-03-27 11:39:32,368] INFO [Broker id=0] Leader __consumer_offsets-12 with topic id Some(iyll7ybiT8W5DVZgatA9eg) starts at leader epoch 0 from offset 0 with partition epoch 0, high watermark 0, ISR [0], adding replicas [] and removing replicas []. Previous leader epoch was -1. (state.change.logger)
[2023-03-27 11:39:32,379] INFO [Broker id=0] Leader __consumer_offsets-31 with topic id Some(iyll7ybiT8W5DVZgatA9eg) starts at leader epoch 0 from offset 0 with partition epoch 0, high watermark 0, ISR [0], adding replicas [] and removing replicas []. Previous leader epoch was -1. (state.change.logger)
[2023-03-27 11:39:32,388] INFO [Broker id=0] Leader __consumer_offsets-9 with topic id Some(iyll7ybiT8W5DVZgatA9eg) starts at leader epoch 0 from offset 0 with partition epoch 0, high watermark 0, ISR [0], adding replicas [] and removing replicas []. Previous leader epoch was -1. (state.change.logger)
[2023-03-27 11:39:32,399] INFO [Broker id=0] Leader __consumer_offsets-47 with topic id Some(iyll7ybiT8W5DVZgatA9eg) starts at leader epoch 0 from offset 0 with partition epoch 0, high watermark 0, ISR [0], adding replicas [] and removing replicas []. Previous leader epoch was -1. (state.change.logger)
[2023-03-27 11:39:32,413] INFO [Broker id=0] Leader __consumer_offsets-19 with topic id Some(iyll7ybiT8W5DVZgatA9eg) starts at leader epoch 0 from offset 0 with partition epoch 0, high watermark 0, ISR [0], adding replicas [] and removing replicas []. Previous leader epoch was -1. (state.change.logger)
[2023-03-27 11:39:32,428] INFO [Broker id=0] Leader __consumer_offsets-28 with topic id Some(iyll7ybiT8W5DVZgatA9eg) starts at leader epoch 0 from offset 0 with partition epoch 0, high watermark 0, ISR [0], adding replicas [] and removing replicas []. Previous leader epoch was -1. (state.change.logger)
[2023-03-27 11:39:32,438] INFO [Broker id=0] Leader __consumer_offsets-38 with topic id Some(iyll7ybiT8W5DVZgatA9eg) starts at leader epoch 0 from offset 0 with partition epoch 0, high watermark 0, ISR [0], adding replicas [] and removing replicas []. Previous leader epoch was -1. (state.change.logger)
[2023-03-27 11:39:32,451] INFO [Broker id=0] Leader __consumer_offsets-35 with topic id Some(iyll7ybiT8W5DVZgatA9eg) starts at leader epoch 0 from offset 0 with partition epoch 0, high watermark 0, ISR [0], adding replicas [] and removing replicas []. Previous leader epoch was -1. (state.change.logger)
[2023-03-27 11:39:32,462] INFO [Broker id=0] Leader topic_demo-0 with topic id Some(TwZxn0MbSHe8Pn3Bd5mJxg) starts at leader epoch 0 from offset 0 with partition epoch 0, high watermark 0, ISR [0], adding replicas [] and removing replicas []. Previous leader epoch was -1. (state.change.logger)
[2023-03-27 11:39:32,473] INFO [Broker id=0] Leader __consumer_offsets-6 with topic id Some(iyll7ybiT8W5DVZgatA9eg) starts at leader epoch 0 from offset 0 with partition epoch 0, high watermark 0, ISR [0], adding replicas [] and removing replicas []. Previous leader epoch was -1. (state.change.logger)
[2023-03-27 11:39:32,484] INFO [Broker id=0] Leader __consumer_offsets-44 with topic id Some(iyll7ybiT8W5DVZgatA9eg) starts at leader epoch 0 from offset 0 with partition epoch 0, high watermark 0, ISR [0], adding replicas [] and removing replicas []. Previous leader epoch was -1. (state.change.logger)
[2023-03-27 11:39:32,492] INFO [Broker id=0] Leader __consumer_offsets-25 with topic id Some(iyll7ybiT8W5DVZgatA9eg) starts at leader epoch 0 from offset 2 with partition epoch 0, high watermark 2, ISR [0], adding replicas [] and removing replicas []. Previous leader epoch was -1. (state.change.logger)
[2023-03-27 11:39:32,493] INFO [Broker id=0] Leader __consumer_offsets-16 with topic id Some(iyll7ybiT8W5DVZgatA9eg) starts at leader epoch 0 from offset 0 with partition epoch 0, high watermark 0, ISR [0], adding replicas [] and removing replicas []. Previous leader epoch was -1. (state.change.logger)
[2023-03-27 11:39:32,504] INFO [Broker id=0] Leader __consumer_offsets-22 with topic id Some(iyll7ybiT8W5DVZgatA9eg) starts at leader epoch 0 from offset 0 with partition epoch 0, high watermark 0, ISR [0], adding replicas [] and removing replicas []. Previous leader epoch was -1. (state.change.logger)
[2023-03-27 11:39:32,515] INFO [Broker id=0] Leader __consumer_offsets-41 with topic id Some(iyll7ybiT8W5DVZgatA9eg) starts at leader epoch 0 from offset 0 with partition epoch 0, high watermark 0, ISR [0], adding replicas [] and removing replicas []. Previous leader epoch was -1. (state.change.logger)
[2023-03-27 11:39:32,523] INFO [Broker id=0] Leader __consumer_offsets-32 with topic id Some(iyll7ybiT8W5DVZgatA9eg) starts at leader epoch 0 from offset 0 with partition epoch 0, high watermark 0, ISR [0], adding replicas [] and removing replicas []. Previous leader epoch was -1. (state.change.logger)
[2023-03-27 11:39:32,532] INFO [Broker id=0] Leader topic-example-0 with topic id Some(M_I4JD6hSUu4WQWkfbZ-Zg) starts at leader epoch 0 from offset 2 with partition epoch 0, high watermark 2, ISR [0], adding replicas [] and removing replicas []. Previous leader epoch was -1. (state.change.logger)
[2023-03-27 11:39:32,533] INFO [Broker id=0] Leader __consumer_offsets-3 with topic id Some(iyll7ybiT8W5DVZgatA9eg) starts at leader epoch 0 from offset 0 with partition epoch 0, high watermark 0, ISR [0], adding replicas [] and removing replicas []. Previous leader epoch was -1. (state.change.logger)
[2023-03-27 11:39:32,542] INFO [Broker id=0] Leader __consumer_offsets-13 with topic id Some(iyll7ybiT8W5DVZgatA9eg) starts at leader epoch 0 from offset 0 with partition epoch 0, high watermark 0, ISR [0], adding replicas [] and removing replicas []. Previous leader epoch was -1. (state.change.logger)
[2023-03-27 11:39:32,595] INFO [Broker id=0] Finished LeaderAndIsr request in 622ms correlationId 1 from controller 0 for 53 partitions (state.change.logger)
[2023-03-27 11:39:32,612] INFO [Broker id=0] Add 53 partitions and deleted 0 partitions from metadata cache in response to UpdateMetadata request sent by controller 0 epoch 2 with correlation id 2 (state.change.logger)
[2023-03-27 11:41:37,257] INFO [Controller id=0 epoch=2] Changed partition javaguides-0 state from NonExistentPartition to NewPartition with assigned replicas 0 (state.change.logger)
[2023-03-27 11:41:37,257] INFO [Controller id=0 epoch=2] Sending UpdateMetadata request to brokers Set() for 0 partitions (state.change.logger)
[2023-03-27 11:41:37,258] INFO [Controller id=0 epoch=2] Sending UpdateMetadata request to brokers Set() for 0 partitions (state.change.logger)
[2023-03-27 11:41:37,281] INFO [Controller id=0 epoch=2] Changed partition javaguides-0 from NewPartition to OnlinePartition with state LeaderAndIsr(leader=0, leaderEpoch=0, isr=List(0), leaderRecoveryState=RECOVERED, partitionEpoch=0) (state.change.logger)
[2023-03-27 11:41:37,281] INFO [Controller id=0 epoch=2] Sending LeaderAndIsr request to broker 0 with 1 become-leader and 0 become-follower partitions (state.change.logger)
[2023-03-27 11:41:37,282] INFO [Controller id=0 epoch=2] Sending UpdateMetadata request to brokers Set(0) for 1 partitions (state.change.logger)
[2023-03-27 11:41:37,282] INFO [Controller id=0 epoch=2] Sending UpdateMetadata request to brokers Set() for 0 partitions (state.change.logger)
[2023-03-27 11:41:37,283] INFO [Broker id=0] Handling LeaderAndIsr request correlationId 3 from controller 0 for 1 partitions (state.change.logger)
[2023-03-27 11:41:37,284] INFO [Broker id=0] Stopped fetchers as part of LeaderAndIsr request correlationId 3 from controller 0 epoch 2 as part of the become-leader transition for 1 partitions (state.change.logger)
[2023-03-27 11:41:37,309] INFO [Broker id=0] Leader javaguides-0 with topic id Some(AtzEJTUJT6uAvSEme4KdGw) starts at leader epoch 0 from offset 0 with partition epoch 0, high watermark 0, ISR [0], adding replicas [] and removing replicas []. Previous leader epoch was -1. (state.change.logger)
[2023-03-27 11:41:37,318] INFO [Broker id=0] Finished LeaderAndIsr request in 35ms correlationId 3 from controller 0 for 1 partitions (state.change.logger)
[2023-03-27 11:41:37,320] INFO [Broker id=0] Add 1 partitions and deleted 0 partitions from metadata cache in response to UpdateMetadata request sent by controller 0 epoch 2 with correlation id 4 (state.change.logger)
